Vivado Simulator v2025.2
Copyright 1986-2022 Xilinx, Inc. All Rights Reserved.
Copyright 2022-2025 Advanced Micro Devices, Inc. All Rights Reserved.
Running: E:/vivado/2025.2/Vivado/bin/unwrapped/win64.o/xelab.exe --incr --debug typical --relax --mt 2 -L xil_defaultlib -L unisims_ver -L unimacro_ver -L secureip --snapshot RISC_TB_behav xil_defaultlib.RISC_TB xil_defaultlib.glbl -log elaborate.log 
Using 2 slave threads.
Starting static elaboration
Pass Through NonSizing Optimizer
Completed static elaboration
Starting simulation data flow analysis
Completed simulation data flow analysis
Time Resolution for simulation is 1ps
Compiling module xil_defaultlib.PROGRAM_COUNTER
Compiling module xil_defaultlib.INSTRUCTION_MEM
Compiling module xil_defaultlib.INSTRUCTION_REG
Compiling module xil_defaultlib.CONTROL_UNIT
Compiling module xil_defaultlib.REGISTER_FILE
Compiling module xil_defaultlib.ALU
Compiling module xil_defaultlib.DATA_MEM
Compiling module xil_defaultlib.RISC
Compiling module xil_defaultlib.RISC_TB
Compiling module xil_defaultlib.glbl
Built simulation snapshot RISC_TB_behav
